<?xml version="1.0" encoding="UTF-8"?>
<!-- Generated by org.testng.reporters.JUnitReportReporter -->
<testsuite skipped="0" hostname="DESKTOP-C9MVC75" name="com.gcr.scripts.TC2" tests="1" failures="0" timestamp="2022-10-01T08:40:27 IST" time="4.004" errors="0">
  <testcase name="Login_LogoutTestCaseExcel" time="4.004" classname="com.gcr.scripts.TC2"/>
  <system-out/>
</testsuite> <!-- com.gcr.scripts.TC2 -->
